<?xml version="1.0" encoding="UTF-8"?>
<testng-results skipped="0" failed="0" ignored="0" total="3" passed="3">
  <reporter-output>
  </reporter-output>
  <suite name="Suite" duration-ms="88182" started-at="2020-04-07T10:10:43Z" finished-at="2020-04-07T10:12:11Z">
    <groups>
    </groups>
    <test name="Test" duration-ms="88182" started-at="2020-04-07T10:10:43Z" finished-at="2020-04-07T10:12:11Z">
      <class name="ExcelRead">
        <test-method status="PASS" signature="f()[pri:0, instance:ExcelRead@1e88b3c]" name="f" duration-ms="18941" started-at="2020-04-07T10:11:52Z" finished-at="2020-04-07T10:12:11Z">
          <reporter-output>
          </reporter-output>
        </test-method> <!-- f -->
      </class> <!-- ExcelRead -->
      <class name="OpenApp">
        <test-method status="PASS" signature="f()[pri:0, instance:OpenApp@77caeb3e]" name="f" duration-ms="69110" started-at="2020-04-07T10:10:43Z" finished-at="2020-04-07T10:11:52Z">
          <reporter-output>
          </reporter-output>
        </test-method> <!-- f -->
      </class> <!-- OpenApp -->
      <class name="ReadFile">
        <test-method status="PASS" signature="f()[pri:0, instance:ReadFile@42d80b78]" name="f" duration-ms="7" started-at="2020-04-07T10:12:11Z" finished-at="2020-04-07T10:12:11Z">
          <reporter-output>
          </reporter-output>
        </test-method> <!-- f -->
      </class> <!-- ReadFile -->
    </test> <!-- Test -->
  </suite> <!-- Suite -->
</testng-results>
