<?xml version="1.0" encoding="UTF-8"?>
<testng-results skipped="0" failed="0" ignored="0" total="3" passed="3">
  <reporter-output>
  </reporter-output>
  <suite name="Suite" duration-ms="124605" started-at="2020-04-07T10:33:08Z" finished-at="2020-04-07T10:35:12Z">
    <groups>
    </groups>
    <test name="Test" duration-ms="124605" started-at="2020-04-07T10:33:08Z" finished-at="2020-04-07T10:35:12Z">
      <class name="ExcelRead">
        <test-method status="PASS" signature="f()[pri:0, instance:ExcelRead@5ebec15]" name="f" duration-ms="22696" started-at="2020-04-07T10:34:50Z" finished-at="2020-04-07T10:35:12Z">
          <reporter-output>
          </reporter-output>
        </test-method> <!-- f -->
      </class> <!-- ExcelRead -->
      <class name="OpenApp">
        <test-method status="PASS" signature="f()[pri:0, instance:OpenApp@3d8c7aca]" name="f" duration-ms="101825" started-at="2020-04-07T10:33:08Z" finished-at="2020-04-07T10:34:50Z">
          <reporter-output>
          </reporter-output>
        </test-method> <!-- f -->
      </class> <!-- OpenApp -->
      <class name="ReadFile">
        <test-method status="PASS" signature="f()[pri:0, instance:ReadFile@21bcffb5]" name="f" duration-ms="2" started-at="2020-04-07T10:35:12Z" finished-at="2020-04-07T10:35:12Z">
          <reporter-output>
          </reporter-output>
        </test-method> <!-- f -->
      </class> <!-- ReadFile -->
    </test> <!-- Test -->
  </suite> <!-- Suite -->
</testng-results>
